<?xml version="1.0" encoding="UTF-8"?>
<!-- Generated by org.testng.reporters.JUnitXMLReporter -->
<testsuite ignored="0" hostname="INLT3532" failures="0" tests="4" name="Default test" time="8.572" errors="0" timestamp="2023-12-18T01:08:04 IST">
  <testcase classname="api.test.UserTests" name="testPostUser" time="2.99"/>
  <testcase classname="api.test.UserTests" name="testGetUserbyName" time="1.344"/>
  <testcase classname="api.test.UserTests" name="testUpdateUser" time="2.68"/>
  <testcase classname="api.test.UserTests" name="testDeleteUserbyName" time="1.341"/>
</testsuite> <!-- Default test -->
