<?xml version="1.0" encoding="UTF-8"?>
<!-- Generated by org.testng.reporters.JUnitXMLReporter -->
<testsuite ignored="0" hostname="INLT3532" failures="0" tests="4" name="Test" time="8.238" errors="0" timestamp="2023-12-18T23:20:32 IST">
  <testcase classname="api.test.UserTests" name="testPostUser" time="2.805"/>
  <testcase classname="api.test.UserTests" name="testGetUserbyName" time="1.33"/>
  <testcase classname="api.test.UserTests" name="testUpdateUser" time="2.614"/>
  <testcase classname="api.test.UserTests" name="testDeleteUserbyName" time="1.3"/>
</testsuite> <!-- Test -->
