<?xml version="1.0" encoding="UTF-8"?>
<testng-results ignored="0" total="4" passed="4" failed="0" skipped="0">
  <reporter-output>
  </reporter-output>
  <suite started-at="2023-12-18T23:20:24 IST" name="Suite" finished-at="2023-12-18T23:20:32 IST" duration-ms="8238">
    <groups>
    </groups>
    <test started-at="2023-12-18T23:20:24 IST" name="Test" finished-at="2023-12-18T23:20:32 IST" duration-ms="8238">
      <class name="api.test.UserTests">
        <test-method is-config="true" signature="setUpdata()[pri:0, instance:api.test.UserTests@740cae06]" started-at="2023-12-18T23:20:24 IST" name="setUpdata" finished-at="2023-12-18T23:20:24 IST" duration-ms="155" status="PASS">
          <reporter-output>
          </reporter-output>
        </test-method> <!-- setUpdata -->
        <test-method signature="testPostUser()[pri:1, instance:api.test.UserTests@740cae06]" started-at="2023-12-18T23:20:24 IST" name="testPostUser" finished-at="2023-12-18T23:20:27 IST" duration-ms="2805" status="PASS">
          <reporter-output>
          </reporter-output>
        </test-method> <!-- testPostUser -->
        <test-method signature="testGetUserbyName()[pri:2, instance:api.test.UserTests@740cae06]" started-at="2023-12-18T23:20:27 IST" name="testGetUserbyName" finished-at="2023-12-18T23:20:28 IST" duration-ms="1330" status="PASS">
          <reporter-output>
          </reporter-output>
        </test-method> <!-- testGetUserbyName -->
        <test-method signature="testUpdateUser()[pri:3, instance:api.test.UserTests@740cae06]" started-at="2023-12-18T23:20:28 IST" name="testUpdateUser" finished-at="2023-12-18T23:20:31 IST" duration-ms="2614" status="PASS">
          <reporter-output>
          </reporter-output>
        </test-method> <!-- testUpdateUser -->
        <test-method signature="testDeleteUserbyName()[pri:4, instance:api.test.UserTests@740cae06]" started-at="2023-12-18T23:20:31 IST" name="testDeleteUserbyName" finished-at="2023-12-18T23:20:32 IST" duration-ms="1300" status="PASS">
          <reporter-output>
          </reporter-output>
        </test-method> <!-- testDeleteUserbyName -->
      </class> <!-- api.test.UserTests -->
    </test> <!-- Test -->
  </suite> <!-- Suite -->
</testng-results>
