<?xml version="1.0" encoding="UTF-8"?>
<testng-results ignored="0" total="4" passed="4" failed="0" skipped="0">
  <reporter-output>
  </reporter-output>
  <suite started-at="2023-12-18T01:07:55 IST" name="Default suite" finished-at="2023-12-18T01:08:04 IST" duration-ms="8572">
    <groups>
    </groups>
    <test started-at="2023-12-18T01:07:55 IST" name="Default test" finished-at="2023-12-18T01:08:04 IST" duration-ms="8572">
      <class name="api.test.UserTests">
        <test-method is-config="true" signature="setUpdata()[pri:0, instance:api.test.UserTests@6c1a5b54]" started-at="2023-12-18T01:07:55 IST" name="setUpdata" finished-at="2023-12-18T01:07:55 IST" duration-ms="174" status="PASS">
          <reporter-output>
          </reporter-output>
        </test-method> <!-- setUpdata -->
        <test-method signature="testPostUser()[pri:1, instance:api.test.UserTests@6c1a5b54]" started-at="2023-12-18T01:07:55 IST" name="testPostUser" finished-at="2023-12-18T01:07:58 IST" duration-ms="2990" status="PASS">
          <reporter-output>
          </reporter-output>
        </test-method> <!-- testPostUser -->
        <test-method signature="testGetUserbyName()[pri:2, instance:api.test.UserTests@6c1a5b54]" started-at="2023-12-18T01:07:58 IST" name="testGetUserbyName" finished-at="2023-12-18T01:08:00 IST" duration-ms="1344" status="PASS">
          <reporter-output>
          </reporter-output>
        </test-method> <!-- testGetUserbyName -->
        <test-method signature="testUpdateUser()[pri:3, instance:api.test.UserTests@6c1a5b54]" started-at="2023-12-18T01:08:00 IST" name="testUpdateUser" finished-at="2023-12-18T01:08:02 IST" duration-ms="2680" status="PASS">
          <reporter-output>
          </reporter-output>
        </test-method> <!-- testUpdateUser -->
        <test-method signature="testDeleteUserbyName()[pri:4, instance:api.test.UserTests@6c1a5b54]" started-at="2023-12-18T01:08:02 IST" name="testDeleteUserbyName" finished-at="2023-12-18T01:08:04 IST" duration-ms="1341" status="PASS">
          <reporter-output>
          </reporter-output>
        </test-method> <!-- testDeleteUserbyName -->
      </class> <!-- api.test.UserTests -->
    </test> <!-- Default test -->
  </suite> <!-- Default suite -->
</testng-results>
